###############################################################
#  Generated by:      Cadence Encounter 10.13-s089_1
#  OS:                Linux x86_64(Host ID ieng6-247)
#  Generated on:      Wed Jan 27 23:49:47 2016
#  Design:            alu
#  Command:           report_timing > ./log/route_timing.rpt
###############################################################
Path 1: MET Setup Check with Pin C_reg_107_/CP 
Endpoint:   C_reg_107_/D    (^) checked with  leading edge of 'clk'
Beginpoint: A_d1r_reg_63_/Q (^) triggered by  leading edge of 'clk'
Other End Arrival Time          0.897
- Setup                         0.034
+ Phase Shift                   6.000
- Uncertainty                   0.600
= Required Time                 6.263
- Arrival Time                  5.920
= Slack Time                    0.343
     Clock Rise Edge                 0.000
     + Clock Network Latency (Prop)  0.889
     = Beginpoint Arrival Time       0.889
     +----------------------------------------------------------------------------+ 
     |     Instance     |     Arc      |    Cell     | Delay | Arrival | Required | 
     |                  |              |             |       |  Time   |   Time   | 
     |------------------+--------------+-------------+-------+---------+----------| 
     | A_d1r_reg_63_    | CP ^         |             |       |   0.889 |    1.232 | 
     | A_d1r_reg_63_    | CP ^ -> Q ^  | DFCNQD1LVT  | 0.142 |   1.030 |    1.373 | 
     | U46635           | I ^ -> ZN v  | CKND4LVT    | 0.033 |   1.064 |    1.407 | 
     | U59644           | I v -> Z v   | BUFFD16LVT  | 0.052 |   1.116 |    1.459 | 
     | U59788           | I v -> ZN ^  | INVD6LVT    | 0.019 |   1.134 |    1.477 | 
     | FE_OFC61_n66531  | I ^ -> Z ^   | BUFFD2      | 0.256 |   1.390 |    1.733 | 
     | U41790           | A1 ^ -> ZN v | CKND2D1     | 0.074 |   1.464 |    1.807 | 
     | U37093           | I v -> ZN ^  | INVD1       | 0.045 |   1.509 |    1.852 | 
     | U46930           | A2 ^ -> ZN v | ND2D2       | 0.044 |   1.553 |    1.896 | 
     | U37064           | A2 v -> ZN ^ | ND2D4LVT    | 0.046 |   1.599 |    1.942 | 
     | FE_OFC212_n58030 | I ^ -> Z ^   | BUFFD4LVT   | 0.108 |   1.707 |    2.050 | 
     | U34054           | I ^ -> Z ^   | BUFFD8      | 0.129 |   1.836 |    2.179 | 
     | U56890           | A1 ^ -> ZN v | NR2XD0      | 0.102 |   1.938 |    2.281 | 
     | U41507           | I v -> ZN ^  | INVD0HVT    | 0.082 |   2.020 |    2.363 | 
     | U57519           | A3 ^ -> ZN v | ND3D0       | 0.068 |   2.088 |    2.431 | 
     | U57517           | A2 v -> ZN ^ | CKND2D0HVT  | 0.084 |   2.172 |    2.515 | 
     | U57522           | A1 ^ -> ZN v | CKND2D0HVT  | 0.061 |   2.233 |    2.576 | 
     | U57520           | A1 v -> ZN ^ | CKND2D0HVT  | 0.070 |   2.303 |    2.646 | 
     | U64173           | B ^ -> ZN v  | AOI31D1     | 0.041 |   2.344 |    2.687 | 
     | U64176           | A1 v -> ZN ^ | CKND2D1     | 0.054 |   2.398 |    2.741 | 
     | U60439           | A2 ^ -> ZN v | NR2XD0LVT   | 0.053 |   2.451 |    2.794 | 
     | U48383           | A2 v -> ZN ^ | NR2D1       | 0.068 |   2.519 |    2.862 | 
     | U58426           | A1 ^ -> ZN v | CKND2D1     | 0.048 |   2.567 |    2.910 | 
     | U58425           | A1 v -> ZN ^ | OAI211D2LVT | 0.060 |   2.627 |    2.970 | 
     | U49356           | A2 ^ -> Z ^  | XOR2D0LVT   | 0.136 |   2.763 |    3.106 | 
     | U60834           | A1 ^ -> ZN v | ND2D1       | 0.060 |   2.824 |    3.167 | 
     | U39096           | A2 v -> ZN ^ | CKND2D1LVT  | 0.036 |   2.860 |    3.203 | 
     | U35311           | A1 ^ -> ZN v | ND2D1LVT    | 0.039 |   2.899 |    3.242 | 
     | U47111           | A1 v -> ZN ^ | ND2D2LVT    | 0.023 |   2.922 |    3.265 | 
     | U29639           | A1 ^ -> ZN v | ND2D2LVT    | 0.030 |   2.951 |    3.294 | 
     | U29601           | A1 v -> ZN ^ | NR2D2LVT    | 0.041 |   2.992 |    3.335 | 
     | U48233           | A1 ^ -> ZN v | ND2D2LVT    | 0.031 |   3.023 |    3.366 | 
     | U47124           | A2 v -> ZN ^ | AOI31D4LVT  | 0.058 |   3.081 |    3.424 | 
     | U47121           | A1 ^ -> ZN v | ND2D2LVT    | 0.029 |   3.110 |    3.453 | 
     | U32062           | A1 v -> ZN ^ | ND3D2LVT    | 0.036 |   3.145 |    3.488 | 
     | U35002           | A2 ^ -> ZN v | OAI211D2LVT | 0.038 |   3.183 |    3.526 | 
     | U38414           | A1 v -> ZN ^ | ND2D2LVT    | 0.046 |   3.229 |    3.572 | 
     | U46981           | A1 ^ -> ZN v | ND2D2LVT    | 0.027 |   3.256 |    3.599 | 
     | U46980           | A2 v -> ZN ^ | ND2D2LVT    | 0.029 |   3.285 |    3.628 | 
     | U46977           | A1 ^ -> ZN v | ND2D2LVT    | 0.022 |   3.308 |    3.651 | 
     | U46973           | A1 v -> ZN ^ | ND2D2LVT    | 0.028 |   3.335 |    3.678 | 
     | U47129           | A1 ^ -> ZN v | ND2D2LVT    | 0.028 |   3.363 |    3.706 | 
     | U47128           | A1 v -> ZN ^ | ND2D2LVT    | 0.024 |   3.387 |    3.730 | 
     | U61610           | A1 ^ -> ZN v | ND2D2LVT    | 0.025 |   3.412 |    3.755 | 
     | U49910           | A1 v -> ZN ^ | ND2D2LVT    | 0.028 |   3.441 |    3.784 | 
     | U49888           | A1 ^ -> ZN v | ND2D2LVT    | 0.024 |   3.465 |    3.808 | 
     | U60618           | A1 v -> ZN ^ | AOI21D2LVT  | 0.086 |   3.551 |    3.894 | 
     | U50238           | A2 ^ -> Z ^  | CKXOR2D1LVT | 0.171 |   3.722 |    4.065 | 
     | U37980           | I ^ -> ZN v  | INVD1HVT    | 0.050 |   3.772 |    4.115 | 
     | U37926           | A1 v -> ZN ^ | ND2D1LVT    | 0.032 |   3.803 |    4.146 | 
     | U65111           | B ^ -> ZN v  | OAI21D1LVT  | 0.035 |   3.839 |    4.182 | 
     | U61220           | A2 v -> ZN ^ | NR2XD1      | 0.037 |   3.876 |    4.219 | 
     | U59959           | A1 ^ -> ZN v | ND2D2LVT    | 0.028 |   3.904 |    4.247 | 
     | U52055           | A2 v -> ZN ^ | NR2D4LVT    | 0.065 |   3.969 |    4.312 | 
     | U59489           | A1 ^ -> ZN v | ND2D2LVT    | 0.061 |   4.030 |    4.373 | 
     | U49452           | A1 v -> ZN ^ | ND2D2LVT    | 0.027 |   4.057 |    4.400 | 
     | U60973           | A1 ^ -> ZN v | ND2D2LVT    | 0.039 |   4.097 |    4.440 | 
     | U62247           | A1 v -> ZN ^ | ND2D2       | 0.028 |   4.124 |    4.467 | 
     | U65327           | A2 ^ -> Z ^  | AO21D1LVT   | 0.049 |   4.174 |    4.517 | 
     | U51487           | A1 ^ -> ZN v | ND2D2LVT    | 0.077 |   4.251 |    4.594 | 
     | U60972           | A1 v -> ZN ^ | ND2D2LVT    | 0.048 |   4.299 |    4.642 | 
     | U51927           | A2 ^ -> ZN v | ND2D2LVT    | 0.034 |   4.333 |    4.676 | 
     | U60971           | A1 v -> ZN ^ | NR2XD1LVT   | 0.035 |   4.369 |    4.712 | 
     | U52954           | A1 ^ -> ZN v | ND2D2LVT    | 0.033 |   4.402 |    4.745 | 
     | U60945           | A1 v -> ZN ^ | NR2XD1LVT   | 0.033 |   4.435 |    4.778 | 
     | U42256           | A1 ^ -> ZN v | ND2D3LVT    | 0.069 |   4.504 |    4.847 | 
     | U47847           | A2 v -> ZN ^ | ND2D4LVT    | 0.042 |   4.546 |    4.889 | 
     | U37349           | A2 ^ -> ZN v | ND2D2LVT    | 0.032 |   4.578 |    4.921 | 
     | U42077           | A2 v -> ZN ^ | ND2D3LVT    | 0.028 |   4.607 |    4.950 | 
     | U61060           | A1 ^ -> ZN v | ND2D2LVT    | 0.026 |   4.632 |    4.975 | 
     | U61383           | A1 v -> ZN ^ | ND2D2LVT    | 0.024 |   4.656 |    4.999 | 
     | U60397           | A1 ^ -> ZN v | ND2D2LVT    | 0.027 |   4.683 |    5.026 | 
     | U60396           | A1 v -> ZN ^ | ND2D4LVT    | 0.035 |   4.718 |    5.061 | 
     | U58968           | A1 ^ -> ZN v | ND2D1LVT    | 0.044 |   4.761 |    5.104 | 
     | U54100           | A1 v -> ZN ^ | ND2D1LVT    | 0.027 |   4.788 |    5.131 | 
     | U26813           | A1 ^ -> ZN v | ND2D1LVT    | 0.029 |   4.817 |    5.160 | 
     | FE_OFC457_n61549 | I v -> Z v   | CKBD1LVT    | 0.097 |   4.914 |    5.257 | 
     | U59917           | A1 v -> ZN ^ | ND2D1LVT    | 0.061 |   4.974 |    5.317 | 
     | U59077           | A2 ^ -> ZN v | ND2D1LVT    | 0.061 |   5.035 |    5.378 | 
     | U37240           | I v -> ZN ^  | CKND2       | 0.033 |   5.069 |    5.412 | 
     | U37230           | A2 ^ -> ZN v | ND2D2LVT    | 0.034 |   5.103 |    5.446 | 
     | U31258           | I v -> ZN ^  | INVD2LVT    | 0.041 |   5.143 |    5.486 | 
     | U53872           | A2 ^ -> ZN v | ND2D4LVT    | 0.038 |   5.181 |    5.524 | 
     | U67551           | A1 v -> ZN ^ | NR2D1LVT    | 0.051 |   5.232 |    5.575 | 
     | U67553           | A1 ^ -> ZN v | ND2D1       | 0.045 |   5.277 |    5.620 | 
     | U31235           | A2 v -> ZN ^ | CKND2D1     | 0.036 |   5.313 |    5.656 | 
     | U67555           | A1 ^ -> ZN v | OAI22D1LVT  | 0.031 |   5.344 |    5.687 | 
     | U26717           | A1 v -> ZN ^ | NR2D1LVT    | 0.115 |   5.459 |    5.802 | 
     | U41895           | A2 ^ -> ZN v | NR2XD1LVT   | 0.064 |   5.522 |    5.865 | 
     | U51223           | A1 v -> ZN ^ | ND2D3LVT    | 0.029 |   5.551 |    5.894 | 
     | U61137           | A2 ^ -> ZN v | NR2XD1LVT   | 0.025 |   5.576 |    5.919 | 
     | U41865           | A2 v -> ZN ^ | CKND2D2LVT  | 0.049 |   5.625 |    5.968 | 
     | U60167           | I ^ -> ZN v  | CKND2LVT    | 0.036 |   5.661 |    6.004 | 
     | U59135           | A1 v -> ZN ^ | ND2D1LVT    | 0.038 |   5.699 |    6.042 | 
     | U48557           | I ^ -> ZN v  | INVD1       | 0.021 |   5.719 |    6.062 | 
     | U26659           | A2 v -> ZN ^ | CKND2D1     | 0.042 |   5.761 |    6.104 | 
     | U51851           | A1 ^ -> ZN v | ND3D0       | 0.083 |   5.844 |    6.187 | 
     | U31171           | A2 v -> ZN ^ | ND2D1LVT    | 0.076 |   5.920 |    6.263 | 
     | C_reg_107_       | D ^          | DFCNQD1LVT  | 0.000 |   5.920 |    6.263 | 
     +----------------------------------------------------------------------------+ 

